<?xml version="1.0" encoding="UTF-8"?>
<!-- Generated by org.testng.reporters.JUnitReportReporter -->
<testsuite hostname="DESKTOP-GPH8J05" failures="0" tests="4" name="TestNG.day25SmokeRegressionTest" time="16.892" errors="0" timestamp="2026-05-22T16:51:43 IST" skipped="0">
  <testcase classname="TestNG.day25SmokeRegressionTest" name="verifyLoginButtonDisplayed" time="2.150"/>
  <testcase classname="TestNG.day25SmokeRegressionTest" name="invalidLoginTest" time="4.896"/>
  <testcase classname="TestNG.day25SmokeRegressionTest" name="validLoginTest" time="4.522"/>
  <testcase classname="TestNG.day25SmokeRegressionTest" name="verifyLoginPageTitle" time="5.324"/>
</testsuite> <!-- TestNG.day25SmokeRegressionTest -->
