<?xml version="1.0" encoding="UTF-8"?>
<!-- Generated by org.testng.reporters.JUnitReportReporter -->
<testsuite hostname="DESKTOP-GPH8J05" failures="0" tests="3" name="TestNG.day25MultipleLoginTest" time="28.018" errors="0" timestamp="2026-05-22T16:46:16 IST" skipped="0">
  <testcase classname="TestNG.day25MultipleLoginTest" name="loginTest" time="7.225"/>
  <testcase classname="TestNG.day25MultipleLoginTest" name="loginTest" time="7.380"/>
  <testcase classname="TestNG.day25MultipleLoginTest" name="loginTest" time="13.413"/>
</testsuite> <!-- TestNG.day25MultipleLoginTest -->
