<?xml version="1.0" encoding="UTF-8"?>
<!-- Generated by org.testng.reporters.JUnitXMLReporter -->
<testsuite ignored="0" hostname="DESKTOP-GPH8J05" failures="1" tests="1" name="FirefoxTest" time="0.011" errors="0" timestamp="2026-05-23T17:35:08 IST">
  <testcase classname="maven_package.CrossBrowserTestGrid" name="launchBrowser" time="0.004">
    <failure type="java.lang.NullPointerException" message="Cannot invoke &amp;quot;org.openqa.selenium.WebDriver.manage()&amp;quot; because &amp;quot;this.driver&amp;quot; is null">
      <![CDATA[java.lang.NullPointerException: Cannot invoke "org.openqa.selenium.WebDriver.manage()" because "this.driver" is null
at maven_package.CrossBrowserTestGrid.launchBrowser(CrossBrowserTestGrid.java:37)
at java.base/java.util.ArrayList.forEach(ArrayList.java:1596)
... Removed 25 stack frames]]>
    </failure>
  </testcase> <!-- launchBrowser -->
</testsuite> <!-- FirefoxTest -->
