<?xml version="1.0" encoding="UTF-8"?>
<testng-results ignored="0" total="3" passed="3" failed="0" skipped="0">
  <reporter-output>
  </reporter-output>
  <suite started-at="2026-05-19T15:22:35 IST" name="Default suite" finished-at="2026-05-19T15:22:49 IST" duration-ms="14050">
    <groups>
    </groups>
    <test started-at="2026-05-19T15:22:35 IST" name="Default test" finished-at="2026-05-19T15:22:49 IST" duration-ms="14050">
      <class name="PackageOfTestNG.SauceDemoTest">
        <test-method is-config="true" signature="setup()[pri:0, instance:PackageOfTestNG.SauceDemoTest@7b2bbc3]" started-at="2026-05-19T15:22:35 IST" name="setup" finished-at="2026-05-19T15:22:41 IST" duration-ms="5627" status="PASS">
          <reporter-output>
          </reporter-output>
        </test-method> <!-- setup -->
        <test-method signature="verifyLoginPageTitle()[pri:1, instance:PackageOfTestNG.SauceDemoTest@7b2bbc3]" started-at="2026-05-19T15:22:41 IST" name="verifyLoginPageTitle" finished-at="2026-05-19T15:22:42 IST" duration-ms="1213" status="PASS">
          <reporter-output>
          </reporter-output>
        </test-method> <!-- verifyLoginPageTitle -->
        <test-method is-config="true" signature="tearDown()[pri:0, instance:PackageOfTestNG.SauceDemoTest@7b2bbc3]" started-at="2026-05-19T15:22:42 IST" name="tearDown" finished-at="2026-05-19T15:22:43 IST" duration-ms="358" status="PASS">
          <reporter-output>
          </reporter-output>
        </test-method> <!-- tearDown -->
        <test-method is-config="true" signature="setup()[pri:0, instance:PackageOfTestNG.SauceDemoTest@7b2bbc3]" started-at="2026-05-19T15:22:43 IST" name="setup" finished-at="2026-05-19T15:22:45 IST" duration-ms="2387" status="PASS">
          <reporter-output>
          </reporter-output>
        </test-method> <!-- setup -->
        <test-method signature="loginTest()[pri:2, instance:PackageOfTestNG.SauceDemoTest@7b2bbc3]" started-at="2026-05-19T15:22:45 IST" name="loginTest" finished-at="2026-05-19T15:22:45 IST" duration-ms="544" status="PASS">
          <reporter-output>
          </reporter-output>
        </test-method> <!-- loginTest -->
        <test-method is-config="true" signature="tearDown()[pri:0, instance:PackageOfTestNG.SauceDemoTest@7b2bbc3]" started-at="2026-05-19T15:22:45 IST" name="tearDown" finished-at="2026-05-19T15:22:46 IST" duration-ms="330" status="PASS">
          <reporter-output>
          </reporter-output>
        </test-method> <!-- tearDown -->
        <test-method is-config="true" signature="setup()[pri:0, instance:PackageOfTestNG.SauceDemoTest@7b2bbc3]" started-at="2026-05-19T15:22:46 IST" name="setup" finished-at="2026-05-19T15:22:48 IST" duration-ms="2462" status="PASS">
          <reporter-output>
          </reporter-output>
        </test-method> <!-- setup -->
        <test-method signature="verifyProductPage()[pri:3, instance:PackageOfTestNG.SauceDemoTest@7b2bbc3]" started-at="2026-05-19T15:22:48 IST" name="verifyProductPage" finished-at="2026-05-19T15:22:49 IST" duration-ms="601" status="PASS">
          <reporter-output>
          </reporter-output>
        </test-method> <!-- verifyProductPage -->
        <test-method is-config="true" signature="tearDown()[pri:0, instance:PackageOfTestNG.SauceDemoTest@7b2bbc3]" started-at="2026-05-19T15:22:49 IST" name="tearDown" finished-at="2026-05-19T15:22:49 IST" duration-ms="369" status="PASS">
          <reporter-output>
          </reporter-output>
        </test-method> <!-- tearDown -->
      </class> <!-- PackageOfTestNG.SauceDemoTest -->
    </test> <!-- Default test -->
  </suite> <!-- Default suite -->
</testng-results>
