<?xml version="1.0" encoding="UTF-8"?>
<!-- Generated by org.testng.reporters.JUnitReportReporter -->
<testsuite hostname="DESKTOP-GPH8J05" failures="0" tests="3" name="PackageOfTestNG.SauceDemoTest" time="13.891" errors="0" timestamp="2026-05-19T15:22:50 IST" skipped="0">
  <testcase classname="PackageOfTestNG.SauceDemoTest" name="verifyLoginPageTitle" time="4.044"/>
  <testcase classname="PackageOfTestNG.SauceDemoTest" name="loginTest" time="3.289"/>
  <testcase classname="PackageOfTestNG.SauceDemoTest" name="verifyProductPage" time="6.558"/>
</testsuite> <!-- PackageOfTestNG.SauceDemoTest -->
