<?xml version="1.0" encoding="UTF-8"?>
<!-- Generated by org.testng.reporters.JUnitReportReporter -->
<testsuite hostname="DESKTOP-GPH8J05" failures="0" tests="3" name="maven_package.CrossBrowserTest" time="26.825" errors="0" timestamp="2026-05-23T17:34:15 IST" skipped="0">
  <testcase classname="maven_package.CrossBrowserTest" name="launchBrowser" time="7.375"/>
  <testcase classname="maven_package.CrossBrowserTest" name="launchBrowser" time="15.671"/>
  <testcase classname="maven_package.CrossBrowserTest" name="launchBrowser" time="3.779"/>
</testsuite> <!-- maven_package.CrossBrowserTest -->
