<?xml version="1.0" encoding="UTF-8"?>
<!-- Generated by org.testng.reporters.JUnitXMLReporter -->
<testsuite ignored="0" hostname="DESKTOP-GPH8J05" failures="0" tests="4" name="Default test" time="16.98" errors="0" timestamp="2026-05-22T16:51:43 IST">
  <testcase classname="TestNG.day25SmokeRegressionTest" name="invalidLoginTest" time="2.425"/>
  <testcase classname="TestNG.day25SmokeRegressionTest" name="validLoginTest" time="2.325"/>
  <testcase classname="TestNG.day25SmokeRegressionTest" name="verifyLoginButtonDisplayed" time="0.028"/>
  <testcase classname="TestNG.day25SmokeRegressionTest" name="verifyLoginPageTitle" time="0.016"/>
</testsuite> <!-- Default test -->
